# JRE version: Java(TM) SE Runtime Environment (8.0_181-b13) (build 1.8.0_181-b13)
# Java VM: Java HotSpot(TM) 64-Bit Server VM (25.181-b13 mixed mode linux-amd64 compressed oops)
Heap:
 PSYoungGen      total 130048K, used 54412K [0x00000000eca00000, 0x00000000f9e80000, 0x0000000100000000)
  eden space 119808K, 45% used [0x00000000eca00000,0x00000000eff23238,0x00000000f3f00000)
  from space 10240K, 0% used [0x00000000f3f00000,0x00000000f3f00000,0x00000000f4900000)
  to   space 12800K, 0% used [0x00000000f9200000,0x00000000f9200000,0x00000000f9e80000)
 ParOldGen       total 42496K, used 16619K [0x00000000c5e00000, 0x00000000c8780000, 0x00000000eca00000)
  object space 42496K, 39% used [0x00000000c5e00000,0x00000000c6e3af80,0x00000000c8780000)
 Metaspace       used 28125K, capacity 28800K, committed 29056K, reserved 1075200K
  class space    used 3488K, capacity 3700K, committed 3712K, reserved 1048576K
GC Heap History (10 events):
Event: 1,822 GC heap before
{Heap before GC invocations=6 (full 0):
 PSYoungGen      total 33280K, used 33280K [0x00000000eca00000, 0x00000000f1200000, 0x0000000100000000)
  eden space 30720K, 100% used [0x00000000eca00000,0x00000000ee800000,0x00000000ee800000)
  from space 2560K, 100% used [0x00000000ee800000,0x00000000eea80000,0x00000000eea80000)
  to   space 6144K, 0% used [0x00000000f0c00000,0x00000000f0c00000,0x00000000f1200000)
 ParOldGen       total 40960K, used 7208K [0x00000000c5e00000, 0x00000000c8600000, 0x00000000eca00000)
  object space 40960K, 17% used [0x00000000c5e00000,0x00000000c650a180,0x00000000c8600000)
 Metaspace       used 16615K, capacity 16886K, committed 17280K, reserved 1064960K
  class space    used 2023K, capacity 2135K, committed 2176K, reserved 1048576K
Event: 1,833 GC heap after
Heap after GC invocations=6 (full 0):
 PSYoungGen      total 67072K, used 5666K [0x00000000eca00000, 0x00000000f1300000, 0x0000000100000000)
  eden space 60928K, 0% used [0x00000000eca00000,0x00000000eca00000,0x00000000f0580000)
  from space 6144K, 92% used [0x00000000f0c00000,0x00000000f1188960,0x00000000f1200000)
  to   space 6656K, 0% used [0x00000000f0580000,0x00000000f0580000,0x00000000f0c00000)
 ParOldGen       total 40960K, used 7216K [0x00000000c5e00000, 0x00000000c8600000, 0x00000000eca00000)
  object space 40960K, 17% used [0x00000000c5e00000,0x00000000c650c180,0x00000000c8600000)
 Metaspace       used 16615K, capacity 16886K, committed 17280K, reserved 1064960K
  class space    used 2023K, capacity 2135K, committed 2176K, reserved 1048576K
}
Event: 2,265 GC heap before
{Heap before GC invocations=7 (full 0):
 PSYoungGen      total 67072K, used 66594K [0x00000000eca00000, 0x00000000f1300000, 0x0000000100000000)
  eden space 60928K, 100% used [0x00000000eca00000,0x00000000f0580000,0x00000000f0580000)
  from space 6144K, 92% used [0x00000000f0c00000,0x00000000f1188960,0x00000000f1200000)
  to   space 6656K, 0% used [0x00000000f0580000,0x00000000f0580000,0x00000000f0c00000)
 ParOldGen       total 40960K, used 7216K [0x00000000c5e00000, 0x00000000c8600000, 0x00000000eca00000)
  object space 40960K, 17% used [0x00000000c5e00000,0x00000000c650c180,0x00000000c8600000)
 Metaspace       used 17048K, capacity 17366K, committed 17536K, reserved 1064960K
  class space    used 2029K, capacity 2142K, committed 2176K, reserved 1048576K
Event: 2,278 GC heap after
Heap after GC invocations=7 (full 0):
 PSYoungGen      total 67584K, used 6656K [0x00000000eca00000, 0x00000000f5100000, 0x0000000100000000)
  eden space 60928K, 0% used [0x00000000eca00000,0x00000000eca00000,0x00000000f0580000)
  from space 6656K, 100% used [0x00000000f0580000,0x00000000f0c00000,0x00000000f0c00000)
  to   space 8192K, 0% used [0x00000000f4900000,0x00000000f4900000,0x00000000f5100000)
 ParOldGen       total 40960K, used 8208K [0x00000000c5e00000, 0x00000000c8600000, 0x00000000eca00000)
  object space 40960K, 20% used [0x00000000c5e00000,0x00000000c66041e0,0x00000000c8600000)
 Metaspace       used 17048K, capacity 17366K, committed 17536K, reserved 1064960K
  class space    used 2029K, capacity 2142K, committed 2176K, reserved 1048576K
}
Event: 2,554 GC heap before
{Heap before GC invocations=8 (full 0):
 PSYoungGen      total 67584K, used 67584K [0x00000000eca00000, 0x00000000f5100000, 0x0000000100000000)
  eden space 60928K, 100% used [0x00000000eca00000,0x00000000f0580000,0x00000000f0580000)
  from space 6656K, 100% used [0x00000000f0580000,0x00000000f0c00000,0x00000000f0c00000)
  to   space 8192K, 0% used [0x00000000f4900000,0x00000000f4900000,0x00000000f5100000)
 ParOldGen       total 40960K, used 8208K [0x00000000c5e00000, 0x00000000c8600000, 0x00000000eca00000)
  object space 40960K, 20% used [0x00000000c5e00000,0x00000000c66041e0,0x00000000c8600000)
 Metaspace       used 17291K, capacity 17570K, committed 17792K, reserved 1064960K
  class space    used 2030K, capacity 2144K, committed 2176K, reserved 1048576K
Event: 2,569 GC heap after
Heap after GC invocations=8 (full 0):
 PSYoungGen      total 128000K, used 8192K [0x00000000eca00000, 0x00000000f5500000, 0x0000000100000000)
  eden space 119808K, 0% used [0x00000000eca00000,0x00000000eca00000,0x00000000f3f00000)
  from space 8192K, 100% used [0x00000000f4900000,0x00000000f5100000,0x00000000f5100000)
  to   space 10240K, 0% used [0x00000000f3f00000,0x00000000f3f00000,0x00000000f4900000)
 ParOldGen       total 40960K, used 10474K [0x00000000c5e00000, 0x00000000c8600000, 0x00000000eca00000)
  object space 40960K, 25% used [0x00000000c5e00000,0x00000000c683aa10,0x00000000c8600000)
 Metaspace       used 17291K, capacity 17570K, committed 17792K, reserved 1064960K
  class space    used 2030K, capacity 2144K, committed 2176K, reserved 1048576K
}
Event: 3,126 GC heap before
{Heap before GC invocations=9 (full 0):
 PSYoungGen      total 128000K, used 83577K [0x00000000eca00000, 0x00000000f5500000, 0x0000000100000000)
  eden space 119808K, 62% used [0x00000000eca00000,0x00000000f139e748,0x00000000f3f00000)
  from space 8192K, 100% used [0x00000000f4900000,0x00000000f5100000,0x00000000f5100000)
  to   space 10240K, 0% used [0x00000000f3f00000,0x00000000f3f00000,0x00000000f4900000)
 ParOldGen       total 40960K, used 10474K [0x00000000c5e00000, 0x00000000c8600000, 0x00000000eca00000)
  object space 40960K, 25% used [0x00000000c5e00000,0x00000000c683aa10,0x00000000c8600000)
 Metaspace       used 20453K, capacity 20990K, committed 21296K, reserved 1069056K
  class space    used 2410K, capacity 2567K, committed 2688K, reserved 1048576K
Event: 3,145 GC heap after
Heap after GC invocations=9 (full 0):
 PSYoungGen      total 130048K, used 10213K [0x00000000eca00000, 0x00000000f9e80000, 0x0000000100000000)
  eden space 119808K, 0% used [0x00000000eca00000,0x00000000eca00000,0x00000000f3f00000)
  from space 10240K, 99% used [0x00000000f3f00000,0x00000000f48f97a8,0x00000000f4900000)
  to   space 12800K, 0% used [0x00000000f9200000,0x00000000f9200000,0x00000000f9e80000)
 ParOldGen       total 40960K, used 12772K [0x00000000c5e00000, 0x00000000c8600000, 0x00000000eca00000)
  object space 40960K, 31% used [0x00000000c5e00000,0x00000000c6a791e8,0x00000000c8600000)
 Metaspace       used 20453K, capacity 20990K, committed 21296K, reserved 1069056K
  class space    used 2410K, capacity 2567K, committed 2688K, reserved 1048576K
}
Event: 3,145 GC heap before
{Heap before GC invocations=10 (full 1):
 PSYoungGen      total 130048K, used 10213K [0x00000000eca00000, 0x00000000f9e80000, 0x0000000100000000)
  eden space 119808K, 0% used [0x00000000eca00000,0x00000000eca00000,0x00000000f3f00000)
  from space 10240K, 99% used [0x00000000f3f00000,0x00000000f48f97a8,0x00000000f4900000)
  to   space 12800K, 0% used [0x00000000f9200000,0x00000000f9200000,0x00000000f9e80000)
 ParOldGen       total 40960K, used 12772K [0x00000000c5e00000, 0x00000000c8600000, 0x00000000eca00000)
  object space 40960K, 31% used [0x00000000c5e00000,0x00000000c6a791e8,0x00000000c8600000)
 Metaspace       used 20453K, capacity 20990K, committed 21296K, reserved 1069056K
  class space    used 2410K, capacity 2567K, committed 2688K, reserved 1048576K
Event: 3,218 GC heap after
Heap after GC invocations=10 (full 1):
 PSYoungGen      total 130048K, used 0K [0x00000000eca00000, 0x00000000f9e80000, 0x0000000100000000)
  eden space 119808K, 0% used [0x00000000eca00000,0x00000000eca00000,0x00000000f3f00000)
  from space 10240K, 0% used [0x00000000f3f00000,0x00000000f3f00000,0x00000000f4900000)
  to   space 12800K, 0% used [0x00000000f9200000,0x00000000f9200000,0x00000000f9e80000)
 ParOldGen       total 42496K, used 16619K [0x00000000c5e00000, 0x00000000c8780000, 0x00000000eca00000)
  object space 42496K, 39% used [0x00000000c5e00000,0x00000000c6e3af80,0x00000000c8780000)
 Metaspace       used 20453K, capacity 20990K, committed 21296K, reserved 1069056K
  class space    used 2410K, capacity 2567K, committed 2688K, reserved 1048576K
}

