# JRE version: Java(TM) SE Runtime Environment (8.0_181-b13) (build 1.8.0_181-b13)
# Java VM: Java HotSpot(TM) 64-Bit Server VM (25.181-b13 mixed mode linux-amd64 compressed oops)
Heap:
 PSYoungGen      total 129536K, used 52464K [0x00000000eca00000, 0x00000000f9c80000, 0x0000000100000000)
  eden space 119808K, 43% used [0x00000000eca00000,0x00000000efd3c0c0,0x00000000f3f00000)
  from space 9728K, 0% used [0x00000000f3f00000,0x00000000f3f00000,0x00000000f4880000)
  to   space 11776K, 0% used [0x00000000f9100000,0x00000000f9100000,0x00000000f9c80000)
 ParOldGen       total 42496K, used 16622K [0x00000000c5e00000, 0x00000000c8780000, 0x00000000eca00000)
  object space 42496K, 39% used [0x00000000c5e00000,0x00000000c6e3ba18,0x00000000c8780000)
 Metaspace       used 28137K, capacity 28800K, committed 29056K, reserved 1075200K
  class space    used 3488K, capacity 3700K, committed 3712K, reserved 1048576K
GC Heap History (10 events):
Event: 1,885 GC heap before
{Heap before GC invocations=6 (full 0):
 PSYoungGen      total 33280K, used 33248K [0x00000000eca00000, 0x00000000f1200000, 0x0000000100000000)
  eden space 30720K, 100% used [0x00000000eca00000,0x00000000ee800000,0x00000000ee800000)
  from space 2560K, 98% used [0x00000000ee800000,0x00000000eea78020,0x00000000eea80000)
  to   space 6144K, 0% used [0x00000000f0c00000,0x00000000f0c00000,0x00000000f1200000)
 ParOldGen       total 40960K, used 7297K [0x00000000c5e00000, 0x00000000c8600000, 0x00000000eca00000)
  object space 40960K, 17% used [0x00000000c5e00000,0x00000000c6520760,0x00000000c8600000)
 Metaspace       used 16601K, capacity 16886K, committed 17280K, reserved 1064960K
  class space    used 2023K, capacity 2135K, committed 2176K, reserved 1048576K
Event: 1,895 GC heap after
Heap after GC invocations=6 (full 0):
 PSYoungGen      total 67072K, used 5596K [0x00000000eca00000, 0x00000000f1300000, 0x0000000100000000)
  eden space 60928K, 0% used [0x00000000eca00000,0x00000000eca00000,0x00000000f0580000)
  from space 6144K, 91% used [0x00000000f0c00000,0x00000000f11771a8,0x00000000f1200000)
  to   space 6656K, 0% used [0x00000000f0580000,0x00000000f0580000,0x00000000f0c00000)
 ParOldGen       total 40960K, used 7305K [0x00000000c5e00000, 0x00000000c8600000, 0x00000000eca00000)
  object space 40960K, 17% used [0x00000000c5e00000,0x00000000c6522760,0x00000000c8600000)
 Metaspace       used 16601K, capacity 16886K, committed 17280K, reserved 1064960K
  class space    used 2023K, capacity 2135K, committed 2176K, reserved 1048576K
}
Event: 2,401 GC heap before
{Heap before GC invocations=7 (full 0):
 PSYoungGen      total 67072K, used 66524K [0x00000000eca00000, 0x00000000f1300000, 0x0000000100000000)
  eden space 60928K, 100% used [0x00000000eca00000,0x00000000f0580000,0x00000000f0580000)
  from space 6144K, 91% used [0x00000000f0c00000,0x00000000f11771a8,0x00000000f1200000)
  to   space 6656K, 0% used [0x00000000f0580000,0x00000000f0580000,0x00000000f0c00000)
 ParOldGen       total 40960K, used 7305K [0x00000000c5e00000, 0x00000000c8600000, 0x00000000eca00000)
  object space 40960K, 17% used [0x00000000c5e00000,0x00000000c6522760,0x00000000c8600000)
 Metaspace       used 17035K, capacity 17366K, committed 17536K, reserved 1064960K
  class space    used 2029K, capacity 2142K, committed 2176K, reserved 1048576K
Event: 2,414 GC heap after
Heap after GC invocations=7 (full 0):
 PSYoungGen      total 67584K, used 6576K [0x00000000eca00000, 0x00000000f5000000, 0x0000000100000000)
  eden space 60928K, 0% used [0x00000000eca00000,0x00000000eca00000,0x00000000f0580000)
  from space 6656K, 98% used [0x00000000f0580000,0x00000000f0bec010,0x00000000f0c00000)
  to   space 7680K, 0% used [0x00000000f4880000,0x00000000f4880000,0x00000000f5000000)
 ParOldGen       total 40960K, used 8353K [0x00000000c5e00000, 0x00000000c8600000, 0x00000000eca00000)
  object space 40960K, 20% used [0x00000000c5e00000,0x00000000c66287c0,0x00000000c8600000)
 Metaspace       used 17035K, capacity 17366K, committed 17536K, reserved 1064960K
  class space    used 2029K, capacity 2142K, committed 2176K, reserved 1048576K
}
Event: 2,718 GC heap before
{Heap before GC invocations=8 (full 0):
 PSYoungGen      total 67584K, used 67504K [0x00000000eca00000, 0x00000000f5000000, 0x0000000100000000)
  eden space 60928K, 100% used [0x00000000eca00000,0x00000000f0580000,0x00000000f0580000)
  from space 6656K, 98% used [0x00000000f0580000,0x00000000f0bec010,0x00000000f0c00000)
  to   space 7680K, 0% used [0x00000000f4880000,0x00000000f4880000,0x00000000f5000000)
 ParOldGen       total 40960K, used 8353K [0x00000000c5e00000, 0x00000000c8600000, 0x00000000eca00000)
  object space 40960K, 20% used [0x00000000c5e00000,0x00000000c66287c0,0x00000000c8600000)
 Metaspace       used 17293K, capacity 17570K, committed 17792K, reserved 1064960K
  class space    used 2030K, capacity 2144K, committed 2176K, reserved 1048576K
Event: 2,740 GC heap after
Heap after GC invocations=8 (full 0):
 PSYoungGen      total 127488K, used 7664K [0x00000000eca00000, 0x00000000f5400000, 0x0000000100000000)
  eden space 119808K, 0% used [0x00000000eca00000,0x00000000eca00000,0x00000000f3f00000)
  from space 7680K, 99% used [0x00000000f4880000,0x00000000f4ffc010,0x00000000f5000000)
  to   space 9728K, 0% used [0x00000000f3f00000,0x00000000f3f00000,0x00000000f4880000)
 ParOldGen       total 40960K, used 10740K [0x00000000c5e00000, 0x00000000c8600000, 0x00000000eca00000)
  object space 40960K, 26% used [0x00000000c5e00000,0x00000000c687d000,0x00000000c8600000)
 Metaspace       used 17293K, capacity 17570K, committed 17792K, reserved 1064960K
  class space    used 2030K, capacity 2144K, committed 2176K, reserved 1048576K
}
Event: 3,311 GC heap before
{Heap before GC invocations=9 (full 0):
 PSYoungGen      total 127488K, used 83112K [0x00000000eca00000, 0x00000000f5400000, 0x0000000100000000)
  eden space 119808K, 62% used [0x00000000eca00000,0x00000000f13ae1c0,0x00000000f3f00000)
  from space 7680K, 99% used [0x00000000f4880000,0x00000000f4ffc010,0x00000000f5000000)
  to   space 9728K, 0% used [0x00000000f3f00000,0x00000000f3f00000,0x00000000f4880000)
 ParOldGen       total 40960K, used 10740K [0x00000000c5e00000, 0x00000000c8600000, 0x00000000eca00000)
  object space 40960K, 26% used [0x00000000c5e00000,0x00000000c687d000,0x00000000c8600000)
 Metaspace       used 20456K, capacity 20990K, committed 21296K, reserved 1069056K
  class space    used 2410K, capacity 2567K, committed 2688K, reserved 1048576K
Event: 3,323 GC heap after
Heap after GC invocations=9 (full 0):
 PSYoungGen      total 129536K, used 9716K [0x00000000eca00000, 0x00000000f9c80000, 0x0000000100000000)
  eden space 119808K, 0% used [0x00000000eca00000,0x00000000eca00000,0x00000000f3f00000)
  from space 9728K, 99% used [0x00000000f3f00000,0x00000000f487d3e8,0x00000000f4880000)
  to   space 11776K, 0% used [0x00000000f9100000,0x00000000f9100000,0x00000000f9c80000)
 ParOldGen       total 40960K, used 13210K [0x00000000c5e00000, 0x00000000c8600000, 0x00000000eca00000)
  object space 40960K, 32% used [0x00000000c5e00000,0x00000000c6ae6928,0x00000000c8600000)
 Metaspace       used 20456K, capacity 20990K, committed 21296K, reserved 1069056K
  class space    used 2410K, capacity 2567K, committed 2688K, reserved 1048576K
}
Event: 3,323 GC heap before
{Heap before GC invocations=10 (full 1):
 PSYoungGen      total 129536K, used 9716K [0x00000000eca00000, 0x00000000f9c80000, 0x0000000100000000)
  eden space 119808K, 0% used [0x00000000eca00000,0x00000000eca00000,0x00000000f3f00000)
  from space 9728K, 99% used [0x00000000f3f00000,0x00000000f487d3e8,0x00000000f4880000)
  to   space 11776K, 0% used [0x00000000f9100000,0x00000000f9100000,0x00000000f9c80000)
 ParOldGen       total 40960K, used 13210K [0x00000000c5e00000, 0x00000000c8600000, 0x00000000eca00000)
  object space 40960K, 32% used [0x00000000c5e00000,0x00000000c6ae6928,0x00000000c8600000)
 Metaspace       used 20456K, capacity 20990K, committed 21296K, reserved 1069056K
  class space    used 2410K, capacity 2567K, committed 2688K, reserved 1048576K
Event: 3,396 GC heap after
Heap after GC invocations=10 (full 1):
 PSYoungGen      total 129536K, used 0K [0x00000000eca00000, 0x00000000f9c80000, 0x0000000100000000)
  eden space 119808K, 0% used [0x00000000eca00000,0x00000000eca00000,0x00000000f3f00000)
  from space 9728K, 0% used [0x00000000f3f00000,0x00000000f3f00000,0x00000000f4880000)
  to   space 11776K, 0% used [0x00000000f9100000,0x00000000f9100000,0x00000000f9c80000)
 ParOldGen       total 42496K, used 16622K [0x00000000c5e00000, 0x00000000c8780000, 0x00000000eca00000)
  object space 42496K, 39% used [0x00000000c5e00000,0x00000000c6e3ba18,0x00000000c8780000)
 Metaspace       used 20456K, capacity 20990K, committed 21296K, reserved 1069056K
  class space    used 2410K, capacity 2567K, committed 2688K, reserved 1048576K
}

